<?xml version="1.0" encoding="UTF-8"?>
<testsuite xmlns:xsi="http://www.w3.org/2001/XMLSchema-instance" xsi:noNamespaceSchemaLocation="https://maven.apache.org/surefire/maven-surefire-plugin/xsd/surefire-test-report-3.0.xsd" version="3.0" name="br.com.bank.capd.bff.rapid.payment.adapter.output.RestTemplateResponseErrorHandlerTest" time="7.772" tests="1" errors="0" skipped="0" failures="0">
  <properties>
    <property name="java.specification.version" value="17"/>
    <property name="sun.jnu.encoding" value="UTF-8"/>
    <property name="java.class.path" value="/home/ruben/projetos/bank-bff-boleto-rapido/target/test-classes:/home/ruben/projetos/bank-bff-boleto-rapido/target/classes:/home/ruben/.m2/repository/org/springframework/boot/spring-boot-starter-actuator/3.3.9/spring-boot-starter-actuator-3.3.9.jar:/home/ruben/.m2/repository/org/springframework/boot/spring-boot-starter/3.3.9/spring-boot-starter-3.3.9.jar:/home/ruben/.m2/repository/org/springframework/boot/spring-boot/3.3.9/spring-boot-3.3.9.jar:/home/ruben/.m2/repository/org/springframework/boot/spring-boot-autoconfigure/3.3.9/spring-boot-autoconfigure-3.3.9.jar:/home/ruben/.m2/repository/org/springframework/boot/spring-boot-starter-logging/3.3.9/spring-boot-starter-logging-3.3.9.jar:/home/ruben/.m2/repository/ch/qos/logback/logback-classic/1.5.16/logback-classic-1.5.16.jar:/home/ruben/.m2/repository/ch/qos/logback/logback-core/1.5.16/logback-core-1.5.16.jar:/home/ruben/.m2/repository/org/apache/logging/log4j/log4j-to-slf4j/2.23.1/log4j-to-slf4j-2.23.1.jar:/home/ruben/.m2/repository/org/apache/logging/log4j/log4j-api/2.23.1/log4j-api-2.23.1.jar:/home/ruben/.m2/repository/org/slf4j/jul-to-slf4j/2.0.16/jul-to-slf4j-2.0.16.jar:/home/ruben/.m2/repository/jakarta/annotation/jakarta.annotation-api/2.1.1/jakarta.annotation-api-2.1.1.jar:/home/ruben/.m2/repository/org/yaml/snakeyaml/2.2/snakeyaml-2.2.jar:/home/ruben/.m2/repository/org/springframework/boot/spring-boot-actuator-autoconfigure/3.3.9/spring-boot-actuator-autoconfigure-3.3.9.jar:/home/ruben/.m2/repository/org/springframework/boot/spring-boot-actuator/3.3.9/spring-boot-actuator-3.3.9.jar:/home/ruben/.m2/repository/com/fasterxml/jackson/core/jackson-databind/2.17.3/jackson-databind-2.17.3.jar:/home/ruben/.m2/repository/com/fasterxml/jackson/core/jackson-annotations/2.17.3/jackson-annotations-2.17.3.jar:/home/ruben/.m2/repository/com/fasterxml/jackson/core/jackson-core/2.17.3/jackson-core-2.17.3.jar:/home/ruben/.m2/repository/com/fasterxml/jackson/datatype/jackson-datatype-jsr310/2.17.3/jackson-datatype-jsr310-2.17.3.jar:/home/ruben/.m2/repository/io/micrometer/micrometer-observation/1.13.11/micrometer-observation-1.13.11.jar:/home/ruben/.m2/repository/io/micrometer/micrometer-commons/1.13.11/micrometer-commons-1.13.11.jar:/home/ruben/.m2/repository/io/micrometer/micrometer-jakarta9/1.13.11/micrometer-jakarta9-1.13.11.jar:/home/ruben/.m2/repository/io/micrometer/micrometer-core/1.13.11/micrometer-core-1.13.11.jar:/home/ruben/.m2/repository/org/hdrhistogram/HdrHistogram/2.2.2/HdrHistogram-2.2.2.jar:/home/ruben/.m2/repository/org/latencyutils/LatencyUtils/2.0.3/LatencyUtils-2.0.3.jar:/home/ruben/.m2/repository/org/projectlombok/lombok/1.18.30/lombok-1.18.30.jar:/home/ruben/.m2/repository/org/openapitools/jackson-databind-nullable/0.2.6/jackson-databind-nullable-0.2.6.jar:/home/ruben/.m2/repository/io/swagger/core/v3/swagger-annotations/2.2.16/swagger-annotations-2.2.16.jar:/home/ruben/.m2/repository/org/springframework/boot/spring-boot-starter-web/3.3.9/spring-boot-starter-web-3.3.9.jar:/home/ruben/.m2/repository/org/springframework/boot/spring-boot-starter-json/3.3.9/spring-boot-starter-json-3.3.9.jar:/home/ruben/.m2/repository/com/fasterxml/jackson/datatype/jackson-datatype-jdk8/2.17.3/jackson-datatype-jdk8-2.17.3.jar:/home/ruben/.m2/repository/com/fasterxml/jackson/module/jackson-module-parameter-names/2.17.3/jackson-module-parameter-names-2.17.3.jar:/home/ruben/.m2/repository/org/springframework/boot/spring-boot-starter-tomcat/3.3.9/spring-boot-starter-tomcat-3.3.9.jar:/home/ruben/.m2/repository/org/apache/tomcat/embed/tomcat-embed-core/10.1.36/tomcat-embed-core-10.1.36.jar:/home/ruben/.m2/repository/org/apache/tomcat/embed/tomcat-embed-websocket/10.1.36/tomcat-embed-websocket-10.1.36.jar:/home/ruben/.m2/repository/org/springframework/spring-web/6.1.17/spring-web-6.1.17.jar:/home/ruben/.m2/repository/org/springframework/spring-beans/6.1.17/spring-beans-6.1.17.jar:/home/ruben/.m2/repository/org/springframework/spring-webmvc/6.1.17/spring-webmvc-6.1.17.jar:/home/ruben/.m2/repository/org/springframework/spring-aop/6.1.17/spring-aop-6.1.17.jar:/home/ruben/.m2/repository/org/springframework/spring-context/6.1.17/spring-context-6.1.17.jar:/home/ruben/.m2/repository/org/springframework/spring-expression/6.1.17/spring-expression-6.1.17.jar:/home/ruben/.m2/repository/org/mapstruct/mapstruct/1.5.3.Final/mapstruct-1.5.3.Final.jar:/home/ruben/.m2/repository/org/springframework/boot/spring-boot-starter-validation/3.3.9/spring-boot-starter-validation-3.3.9.jar:/home/ruben/.m2/repository/org/apache/tomcat/embed/tomcat-embed-el/10.1.36/tomcat-embed-el-10.1.36.jar:/home/ruben/.m2/repository/org/hibernate/validator/hibernate-validator/8.0.2.Final/hibernate-validator-8.0.2.Final.jar:/home/ruben/.m2/repository/jakarta/validation/jakarta.validation-api/3.0.2/jakarta.validation-api-3.0.2.jar:/home/ruben/.m2/repository/org/jboss/logging/jboss-logging/3.5.3.Final/jboss-logging-3.5.3.Final.jar:/home/ruben/.m2/repository/com/fasterxml/classmate/1.7.0/classmate-1.7.0.jar:/home/ruben/.m2/repository/io/micrometer/micrometer-tracing-bridge-otel/1.3.9/micrometer-tracing-bridge-otel-1.3.9.jar:/home/ruben/.m2/repository/io/micrometer/micrometer-tracing/1.3.9/micrometer-tracing-1.3.9.jar:/home/ruben/.m2/repository/io/micrometer/context-propagation/1.1.2/context-propagation-1.1.2.jar:/home/ruben/.m2/repository/aopalliance/aopalliance/1.0/aopalliance-1.0.jar:/home/ruben/.m2/repository/org/slf4j/slf4j-api/2.0.16/slf4j-api-2.0.16.jar:/home/ruben/.m2/repository/io/opentelemetry/opentelemetry-api/1.38.0/opentelemetry-api-1.38.0.jar:/home/ruben/.m2/repository/io/opentelemetry/opentelemetry-context/1.38.0/opentelemetry-context-1.38.0.jar:/home/ruben/.m2/repository/io/opentelemetry/semconv/opentelemetry-semconv/1.23.1-alpha/opentelemetry-semconv-1.23.1-alpha.jar:/home/ruben/.m2/repository/io/opentelemetry/opentelemetry-sdk-common/1.38.0/opentelemetry-sdk-common-1.38.0.jar:/home/ruben/.m2/repository/io/opentelemetry/opentelemetry-sdk-trace/1.38.0/opentelemetry-sdk-trace-1.38.0.jar:/home/ruben/.m2/repository/io/opentelemetry/opentelemetry-sdk/1.38.0/opentelemetry-sdk-1.38.0.jar:/home/ruben/.m2/repository/io/opentelemetry/opentelemetry-sdk-metrics/1.38.0/opentelemetry-sdk-metrics-1.38.0.jar:/home/ruben/.m2/repository/io/opentelemetry/opentelemetry-sdk-logs/1.38.0/opentelemetry-sdk-logs-1.38.0.jar:/home/ruben/.m2/repository/io/opentelemetry/instrumentation/opentelemetry-instrumentation-api-semconv/1.33.3-alpha/opentelemetry-instrumentation-api-semconv-1.33.3-alpha.jar:/home/ruben/.m2/repository/io/opentelemetry/instrumentation/opentelemetry-instrumentation-api/1.33.3/opentelemetry-instrumentation-api-1.33.3.jar:/home/ruben/.m2/repository/io/opentelemetry/opentelemetry-api-incubator/1.38.0-alpha/opentelemetry-api-incubator-1.38.0-alpha.jar:/home/ruben/.m2/repository/io/opentelemetry/opentelemetry-extension-trace-propagators/1.38.0/opentelemetry-extension-trace-propagators-1.38.0.jar:/home/ruben/.m2/repository/org/springframework/boot/spring-boot-starter-test/3.3.9/spring-boot-starter-test-3.3.9.jar:/home/ruben/.m2/repository/org/springframework/boot/spring-boot-test/3.3.9/spring-boot-test-3.3.9.jar:/home/ruben/.m2/repository/org/springframework/boot/spring-boot-test-autoconfigure/3.3.9/spring-boot-test-autoconfigure-3.3.9.jar:/home/ruben/.m2/repository/com/jayway/jsonpath/json-path/2.9.0/json-path-2.9.0.jar:/home/ruben/.m2/repository/jakarta/xml/bind/jakarta.xml.bind-api/4.0.2/jakarta.xml.bind-api-4.0.2.jar:/home/ruben/.m2/repository/jakarta/activation/jakarta.activation-api/2.1.3/jakarta.activation-api-2.1.3.jar:/home/ruben/.m2/repository/net/minidev/json-smart/2.5.2/json-smart-2.5.2.jar:/home/ruben/.m2/repository/net/minidev/accessors-smart/2.5.2/accessors-smart-2.5.2.jar:/home/ruben/.m2/repository/org/ow2/asm/asm/9.7.1/asm-9.7.1.jar:/home/ruben/.m2/repository/org/assertj/assertj-core/3.25.3/assertj-core-3.25.3.jar:/home/ruben/.m2/repository/net/bytebuddy/byte-buddy/1.14.19/byte-buddy-1.14.19.jar:/home/ruben/.m2/repository/org/awaitility/awaitility/4.2.2/awaitility-4.2.2.jar:/home/ruben/.m2/repository/org/hamcrest/hamcrest/2.2/hamcrest-2.2.jar:/home/ruben/.m2/repository/org/junit/jupiter/junit-jupiter/5.10.5/junit-jupiter-5.10.5.jar:/home/ruben/.m2/repository/org/junit/jupiter/junit-jupiter-api/5.10.5/junit-jupiter-api-5.10.5.jar:/home/ruben/.m2/repository/org/opentest4j/opentest4j/1.3.0/opentest4j-1.3.0.jar:/home/ruben/.m2/repository/org/junit/platform/junit-platform-commons/1.10.5/junit-platform-commons-1.10.5.jar:/home/ruben/.m2/repository/org/apiguardian/apiguardian-api/1.1.2/apiguardian-api-1.1.2.jar:/home/ruben/.m2/repository/org/junit/jupiter/junit-jupiter-params/5.10.5/junit-jupiter-params-5.10.5.jar:/home/ruben/.m2/repository/org/junit/jupiter/junit-jupiter-engine/5.10.5/junit-jupiter-engine-5.10.5.jar:/home/ruben/.m2/repository/org/junit/platform/junit-platform-engine/1.10.5/junit-platform-engine-1.10.5.jar:/home/ruben/.m2/repository/org/mockito/mockito-core/5.11.0/mockito-core-5.11.0.jar:/home/ruben/.m2/repository/net/bytebuddy/byte-buddy-agent/1.14.19/byte-buddy-agent-1.14.19.jar:/home/ruben/.m2/repository/org/objenesis/objenesis/3.3/objenesis-3.3.jar:/home/ruben/.m2/repository/org/mockito/mockito-junit-jupiter/5.11.0/mockito-junit-jupiter-5.11.0.jar:/home/ruben/.m2/repository/org/skyscreamer/jsonassert/1.5.3/jsonassert-1.5.3.jar:/home/ruben/.m2/repository/org/springframework/spring-core/6.1.17/spring-core-6.1.17.jar:/home/ruben/.m2/repository/org/springframework/spring-jcl/6.1.17/spring-jcl-6.1.17.jar:/home/ruben/.m2/repository/org/springframework/spring-test/6.1.17/spring-test-6.1.17.jar:/home/ruben/.m2/repository/org/xmlunit/xmlunit-core/2.9.1/xmlunit-core-2.9.1.jar:/home/ruben/.m2/repository/org/springframework/restdocs/spring-restdocs-mockmvc/3.0.3/spring-restdocs-mockmvc-3.0.3.jar:/home/ruben/.m2/repository/org/springframework/restdocs/spring-restdocs-core/3.0.3/spring-restdocs-core-3.0.3.jar:/home/ruben/.m2/repository/jakarta/servlet/jakarta.servlet-api/6.0.0/jakarta.servlet-api-6.0.0.jar:/home/ruben/.m2/repository/org/springdoc/springdoc-openapi-starter-webmvc-ui/2.3.0/springdoc-openapi-starter-webmvc-ui-2.3.0.jar:/home/ruben/.m2/repository/org/springdoc/springdoc-openapi-starter-webmvc-api/2.3.0/springdoc-openapi-starter-webmvc-api-2.3.0.jar:/home/ruben/.m2/repository/org/springdoc/springdoc-openapi-starter-common/2.3.0/springdoc-openapi-starter-common-2.3.0.jar:/home/ruben/.m2/repository/io/swagger/core/v3/swagger-core-jakarta/2.2.19/swagger-core-jakarta-2.2.19.jar:/home/ruben/.m2/repository/org/apache/commons/commons-lang3/3.14.0/commons-lang3-3.14.0.jar:/home/ruben/.m2/repository/io/swagger/core/v3/swagger-annotations-jakarta/2.2.19/swagger-annotations-jakarta-2.2.19.jar:/home/ruben/.m2/repository/io/swagger/core/v3/swagger-models-jakarta/2.2.19/swagger-models-jakarta-2.2.19.jar:/home/ruben/.m2/repository/com/fasterxml/jackson/dataformat/jackson-dataformat-yaml/2.17.3/jackson-dataformat-yaml-2.17.3.jar:/home/ruben/.m2/repository/org/webjars/swagger-ui/5.10.3/swagger-ui-5.10.3.jar:"/>
    <property name="java.vm.vendor" value="Ubuntu"/>
    <property name="sun.arch.data.model" value="64"/>
    <property name="java.vendor.url" value="https://ubuntu.com/"/>
    <property name="user.timezone" value="Etc/UTC"/>
    <property name="org.jboss.logging.provider" value="slf4j"/>
    <property name="os.name" value="Linux"/>
    <property name="java.vm.specification.version" value="17"/>
    <property name="sun.java.launcher" value="SUN_STANDARD"/>
    <property name="sun.boot.library.path" value="/usr/lib/jvm/java-17-openjdk-amd64/lib"/>
    <property name="sun.java.command" value="/home/ruben/projetos/bank-bff-boleto-rapido/target/surefire/surefirebooter-20250608224311670_3.jar /home/ruben/projetos/bank-bff-boleto-rapido/target/surefire 2025-06-08T22-43-11_106-jvmRun1 surefire-20250608224311670_1tmp surefire_0-20250608224311670_2tmp"/>
    <property name="jdk.debug" value="release"/>
    <property name="surefire.test.class.path" value="/home/ruben/projetos/bank-bff-boleto-rapido/target/test-classes:/home/ruben/projetos/bank-bff-boleto-rapido/target/classes:/home/ruben/.m2/repository/org/springframework/boot/spring-boot-starter-actuator/3.3.9/spring-boot-starter-actuator-3.3.9.jar:/home/ruben/.m2/repository/org/springframework/boot/spring-boot-starter/3.3.9/spring-boot-starter-3.3.9.jar:/home/ruben/.m2/repository/org/springframework/boot/spring-boot/3.3.9/spring-boot-3.3.9.jar:/home/ruben/.m2/repository/org/springframework/boot/spring-boot-autoconfigure/3.3.9/spring-boot-autoconfigure-3.3.9.jar:/home/ruben/.m2/repository/org/springframework/boot/spring-boot-starter-logging/3.3.9/spring-boot-starter-logging-3.3.9.jar:/home/ruben/.m2/repository/ch/qos/logback/logback-classic/1.5.16/logback-classic-1.5.16.jar:/home/ruben/.m2/repository/ch/qos/logback/logback-core/1.5.16/logback-core-1.5.16.jar:/home/ruben/.m2/repository/org/apache/logging/log4j/log4j-to-slf4j/2.23.1/log4j-to-slf4j-2.23.1.jar:/home/ruben/.m2/repository/org/apache/logging/log4j/log4j-api/2.23.1/log4j-api-2.23.1.jar:/home/ruben/.m2/repository/org/slf4j/jul-to-slf4j/2.0.16/jul-to-slf4j-2.0.16.jar:/home/ruben/.m2/repository/jakarta/annotation/jakarta.annotation-api/2.1.1/jakarta.annotation-api-2.1.1.jar:/home/ruben/.m2/repository/org/yaml/snakeyaml/2.2/snakeyaml-2.2.jar:/home/ruben/.m2/repository/org/springframework/boot/spring-boot-actuator-autoconfigure/3.3.9/spring-boot-actuator-autoconfigure-3.3.9.jar:/home/ruben/.m2/repository/org/springframework/boot/spring-boot-actuator/3.3.9/spring-boot-actuator-3.3.9.jar:/home/ruben/.m2/repository/com/fasterxml/jackson/core/jackson-databind/2.17.3/jackson-databind-2.17.3.jar:/home/ruben/.m2/repository/com/fasterxml/jackson/core/jackson-annotations/2.17.3/jackson-annotations-2.17.3.jar:/home/ruben/.m2/repository/com/fasterxml/jackson/core/jackson-core/2.17.3/jackson-core-2.17.3.jar:/home/ruben/.m2/repository/com/fasterxml/jackson/datatype/jackson-datatype-jsr310/2.17.3/jackson-datatype-jsr310-2.17.3.jar:/home/ruben/.m2/repository/io/micrometer/micrometer-observation/1.13.11/micrometer-observation-1.13.11.jar:/home/ruben/.m2/repository/io/micrometer/micrometer-commons/1.13.11/micrometer-commons-1.13.11.jar:/home/ruben/.m2/repository/io/micrometer/micrometer-jakarta9/1.13.11/micrometer-jakarta9-1.13.11.jar:/home/ruben/.m2/repository/io/micrometer/micrometer-core/1.13.11/micrometer-core-1.13.11.jar:/home/ruben/.m2/repository/org/hdrhistogram/HdrHistogram/2.2.2/HdrHistogram-2.2.2.jar:/home/ruben/.m2/repository/org/latencyutils/LatencyUtils/2.0.3/LatencyUtils-2.0.3.jar:/home/ruben/.m2/repository/org/projectlombok/lombok/1.18.30/lombok-1.18.30.jar:/home/ruben/.m2/repository/org/openapitools/jackson-databind-nullable/0.2.6/jackson-databind-nullable-0.2.6.jar:/home/ruben/.m2/repository/io/swagger/core/v3/swagger-annotations/2.2.16/swagger-annotations-2.2.16.jar:/home/ruben/.m2/repository/org/springframework/boot/spring-boot-starter-web/3.3.9/spring-boot-starter-web-3.3.9.jar:/home/ruben/.m2/repository/org/springframework/boot/spring-boot-starter-json/3.3.9/spring-boot-starter-json-3.3.9.jar:/home/ruben/.m2/repository/com/fasterxml/jackson/datatype/jackson-datatype-jdk8/2.17.3/jackson-datatype-jdk8-2.17.3.jar:/home/ruben/.m2/repository/com/fasterxml/jackson/module/jackson-module-parameter-names/2.17.3/jackson-module-parameter-names-2.17.3.jar:/home/ruben/.m2/repository/org/springframework/boot/spring-boot-starter-tomcat/3.3.9/spring-boot-starter-tomcat-3.3.9.jar:/home/ruben/.m2/repository/org/apache/tomcat/embed/tomcat-embed-core/10.1.36/tomcat-embed-core-10.1.36.jar:/home/ruben/.m2/repository/org/apache/tomcat/embed/tomcat-embed-websocket/10.1.36/tomcat-embed-websocket-10.1.36.jar:/home/ruben/.m2/repository/org/springframework/spring-web/6.1.17/spring-web-6.1.17.jar:/home/ruben/.m2/repository/org/springframework/spring-beans/6.1.17/spring-beans-6.1.17.jar:/home/ruben/.m2/repository/org/springframework/spring-webmvc/6.1.17/spring-webmvc-6.1.17.jar:/home/ruben/.m2/repository/org/springframework/spring-aop/6.1.17/spring-aop-6.1.17.jar:/home/ruben/.m2/repository/org/springframework/spring-context/6.1.17/spring-context-6.1.17.jar:/home/ruben/.m2/repository/org/springframework/spring-expression/6.1.17/spring-expression-6.1.17.jar:/home/ruben/.m2/repository/org/mapstruct/mapstruct/1.5.3.Final/mapstruct-1.5.3.Final.jar:/home/ruben/.m2/repository/org/springframework/boot/spring-boot-starter-validation/3.3.9/spring-boot-starter-validation-3.3.9.jar:/home/ruben/.m2/repository/org/apache/tomcat/embed/tomcat-embed-el/10.1.36/tomcat-embed-el-10.1.36.jar:/home/ruben/.m2/repository/org/hibernate/validator/hibernate-validator/8.0.2.Final/hibernate-validator-8.0.2.Final.jar:/home/ruben/.m2/repository/jakarta/validation/jakarta.validation-api/3.0.2/jakarta.validation-api-3.0.2.jar:/home/ruben/.m2/repository/org/jboss/logging/jboss-logging/3.5.3.Final/jboss-logging-3.5.3.Final.jar:/home/ruben/.m2/repository/com/fasterxml/classmate/1.7.0/classmate-1.7.0.jar:/home/ruben/.m2/repository/io/micrometer/micrometer-tracing-bridge-otel/1.3.9/micrometer-tracing-bridge-otel-1.3.9.jar:/home/ruben/.m2/repository/io/micrometer/micrometer-tracing/1.3.9/micrometer-tracing-1.3.9.jar:/home/ruben/.m2/repository/io/micrometer/context-propagation/1.1.2/context-propagation-1.1.2.jar:/home/ruben/.m2/repository/aopalliance/aopalliance/1.0/aopalliance-1.0.jar:/home/ruben/.m2/repository/org/slf4j/slf4j-api/2.0.16/slf4j-api-2.0.16.jar:/home/ruben/.m2/repository/io/opentelemetry/opentelemetry-api/1.38.0/opentelemetry-api-1.38.0.jar:/home/ruben/.m2/repository/io/opentelemetry/opentelemetry-context/1.38.0/opentelemetry-context-1.38.0.jar:/home/ruben/.m2/repository/io/opentelemetry/semconv/opentelemetry-semconv/1.23.1-alpha/opentelemetry-semconv-1.23.1-alpha.jar:/home/ruben/.m2/repository/io/opentelemetry/opentelemetry-sdk-common/1.38.0/opentelemetry-sdk-common-1.38.0.jar:/home/ruben/.m2/repository/io/opentelemetry/opentelemetry-sdk-trace/1.38.0/opentelemetry-sdk-trace-1.38.0.jar:/home/ruben/.m2/repository/io/opentelemetry/opentelemetry-sdk/1.38.0/opentelemetry-sdk-1.38.0.jar:/home/ruben/.m2/repository/io/opentelemetry/opentelemetry-sdk-metrics/1.38.0/opentelemetry-sdk-metrics-1.38.0.jar:/home/ruben/.m2/repository/io/opentelemetry/opentelemetry-sdk-logs/1.38.0/opentelemetry-sdk-logs-1.38.0.jar:/home/ruben/.m2/repository/io/opentelemetry/instrumentation/opentelemetry-instrumentation-api-semconv/1.33.3-alpha/opentelemetry-instrumentation-api-semconv-1.33.3-alpha.jar:/home/ruben/.m2/repository/io/opentelemetry/instrumentation/opentelemetry-instrumentation-api/1.33.3/opentelemetry-instrumentation-api-1.33.3.jar:/home/ruben/.m2/repository/io/opentelemetry/opentelemetry-api-incubator/1.38.0-alpha/opentelemetry-api-incubator-1.38.0-alpha.jar:/home/ruben/.m2/repository/io/opentelemetry/opentelemetry-extension-trace-propagators/1.38.0/opentelemetry-extension-trace-propagators-1.38.0.jar:/home/ruben/.m2/repository/org/springframework/boot/spring-boot-starter-test/3.3.9/spring-boot-starter-test-3.3.9.jar:/home/ruben/.m2/repository/org/springframework/boot/spring-boot-test/3.3.9/spring-boot-test-3.3.9.jar:/home/ruben/.m2/repository/org/springframework/boot/spring-boot-test-autoconfigure/3.3.9/spring-boot-test-autoconfigure-3.3.9.jar:/home/ruben/.m2/repository/com/jayway/jsonpath/json-path/2.9.0/json-path-2.9.0.jar:/home/ruben/.m2/repository/jakarta/xml/bind/jakarta.xml.bind-api/4.0.2/jakarta.xml.bind-api-4.0.2.jar:/home/ruben/.m2/repository/jakarta/activation/jakarta.activation-api/2.1.3/jakarta.activation-api-2.1.3.jar:/home/ruben/.m2/repository/net/minidev/json-smart/2.5.2/json-smart-2.5.2.jar:/home/ruben/.m2/repository/net/minidev/accessors-smart/2.5.2/accessors-smart-2.5.2.jar:/home/ruben/.m2/repository/org/ow2/asm/asm/9.7.1/asm-9.7.1.jar:/home/ruben/.m2/repository/org/assertj/assertj-core/3.25.3/assertj-core-3.25.3.jar:/home/ruben/.m2/repository/net/bytebuddy/byte-buddy/1.14.19/byte-buddy-1.14.19.jar:/home/ruben/.m2/repository/org/awaitility/awaitility/4.2.2/awaitility-4.2.2.jar:/home/ruben/.m2/repository/org/hamcrest/hamcrest/2.2/hamcrest-2.2.jar:/home/ruben/.m2/repository/org/junit/jupiter/junit-jupiter/5.10.5/junit-jupiter-5.10.5.jar:/home/ruben/.m2/repository/org/junit/jupiter/junit-jupiter-api/5.10.5/junit-jupiter-api-5.10.5.jar:/home/ruben/.m2/repository/org/opentest4j/opentest4j/1.3.0/opentest4j-1.3.0.jar:/home/ruben/.m2/repository/org/junit/platform/junit-platform-commons/1.10.5/junit-platform-commons-1.10.5.jar:/home/ruben/.m2/repository/org/apiguardian/apiguardian-api/1.1.2/apiguardian-api-1.1.2.jar:/home/ruben/.m2/repository/org/junit/jupiter/junit-jupiter-params/5.10.5/junit-jupiter-params-5.10.5.jar:/home/ruben/.m2/repository/org/junit/jupiter/junit-jupiter-engine/5.10.5/junit-jupiter-engine-5.10.5.jar:/home/ruben/.m2/repository/org/junit/platform/junit-platform-engine/1.10.5/junit-platform-engine-1.10.5.jar:/home/ruben/.m2/repository/org/mockito/mockito-core/5.11.0/mockito-core-5.11.0.jar:/home/ruben/.m2/repository/net/bytebuddy/byte-buddy-agent/1.14.19/byte-buddy-agent-1.14.19.jar:/home/ruben/.m2/repository/org/objenesis/objenesis/3.3/objenesis-3.3.jar:/home/ruben/.m2/repository/org/mockito/mockito-junit-jupiter/5.11.0/mockito-junit-jupiter-5.11.0.jar:/home/ruben/.m2/repository/org/skyscreamer/jsonassert/1.5.3/jsonassert-1.5.3.jar:/home/ruben/.m2/repository/org/springframework/spring-core/6.1.17/spring-core-6.1.17.jar:/home/ruben/.m2/repository/org/springframework/spring-jcl/6.1.17/spring-jcl-6.1.17.jar:/home/ruben/.m2/repository/org/springframework/spring-test/6.1.17/spring-test-6.1.17.jar:/home/ruben/.m2/repository/org/xmlunit/xmlunit-core/2.9.1/xmlunit-core-2.9.1.jar:/home/ruben/.m2/repository/org/springframework/restdocs/spring-restdocs-mockmvc/3.0.3/spring-restdocs-mockmvc-3.0.3.jar:/home/ruben/.m2/repository/org/springframework/restdocs/spring-restdocs-core/3.0.3/spring-restdocs-core-3.0.3.jar:/home/ruben/.m2/repository/jakarta/servlet/jakarta.servlet-api/6.0.0/jakarta.servlet-api-6.0.0.jar:/home/ruben/.m2/repository/org/springdoc/springdoc-openapi-starter-webmvc-ui/2.3.0/springdoc-openapi-starter-webmvc-ui-2.3.0.jar:/home/ruben/.m2/repository/org/springdoc/springdoc-openapi-starter-webmvc-api/2.3.0/springdoc-openapi-starter-webmvc-api-2.3.0.jar:/home/ruben/.m2/repository/org/springdoc/springdoc-openapi-starter-common/2.3.0/springdoc-openapi-starter-common-2.3.0.jar:/home/ruben/.m2/repository/io/swagger/core/v3/swagger-core-jakarta/2.2.19/swagger-core-jakarta-2.2.19.jar:/home/ruben/.m2/repository/org/apache/commons/commons-lang3/3.14.0/commons-lang3-3.14.0.jar:/home/ruben/.m2/repository/io/swagger/core/v3/swagger-annotations-jakarta/2.2.19/swagger-annotations-jakarta-2.2.19.jar:/home/ruben/.m2/repository/io/swagger/core/v3/swagger-models-jakarta/2.2.19/swagger-models-jakarta-2.2.19.jar:/home/ruben/.m2/repository/com/fasterxml/jackson/dataformat/jackson-dataformat-yaml/2.17.3/jackson-dataformat-yaml-2.17.3.jar:/home/ruben/.m2/repository/org/webjars/swagger-ui/5.10.3/swagger-ui-5.10.3.jar:"/>
    <property name="sun.cpu.endian" value="little"/>
    <property name="user.home" value="/home/ruben"/>
    <property name="user.language" value="en"/>
    <property name="java.specification.vendor" value="Oracle Corporation"/>
    <property name="java.version.date" value="2025-04-15"/>
    <property name="java.home" value="/usr/lib/jvm/java-17-openjdk-amd64"/>
    <property name="file.separator" value="/"/>
    <property name="basedir" value="/home/ruben/projetos/bank-bff-boleto-rapido"/>
    <property name="java.vm.compressedOopsMode" value="Zero based"/>
    <property name="line.separator" value="&#10;"/>
    <property name="java.specification.name" value="Java Platform API Specification"/>
    <property name="java.vm.specification.vendor" value="Oracle Corporation"/>
    <property name="FILE_LOG_CHARSET" value="UTF-8"/>
    <property name="java.awt.headless" value="true"/>
    <property name="surefire.real.class.path" value="/home/ruben/projetos/bank-bff-boleto-rapido/target/surefire/surefirebooter-20250608224311670_3.jar"/>
    <property name="sun.management.compiler" value="HotSpot 64-Bit Tiered Compilers"/>
    <property name="java.runtime.version" value="17.0.15+6-Ubuntu-0ubuntu124.04"/>
    <property name="LOG_CORRELATION_PATTERN" value="%correlationId"/>
    <property name="user.name" value="ruben"/>
    <property name="path.separator" value=":"/>
    <property name="os.version" value="6.8.0-60-generic"/>
    <property name="java.runtime.name" value="OpenJDK Runtime Environment"/>
    <property name="file.encoding" value="UTF-8"/>
    <property name="java.vm.name" value="OpenJDK 64-Bit Server VM"/>
    <property name="localRepository" value="/home/ruben/.m2/repository"/>
    <property name="java.vendor.url.bug" value="https://bugs.launchpad.net/ubuntu/+source/openjdk-17"/>
    <property name="java.io.tmpdir" value="/tmp"/>
    <property name="java.version" value="17.0.15"/>
    <property name="user.dir" value="/home/ruben/projetos/bank-bff-boleto-rapido"/>
    <property name="os.arch" value="amd64"/>
    <property name="java.vm.specification.name" value="Java Virtual Machine Specification"/>
    <property name="PID" value="3159"/>
    <property name="CONSOLE_LOG_CHARSET" value="UTF-8"/>
    <property name="native.encoding" value="UTF-8"/>
    <property name="java.library.path" value="/usr/java/packages/lib:/usr/lib/x86_64-linux-gnu/jni:/lib/x86_64-linux-gnu:/usr/lib/x86_64-linux-gnu:/usr/lib/jni:/lib:/usr/lib"/>
    <property name="java.vm.info" value="mixed mode, sharing"/>
    <property name="java.vendor" value="Ubuntu"/>
    <property name="java.vm.version" value="17.0.15+6-Ubuntu-0ubuntu124.04"/>
    <property name="java.specification.maintenance.version" value="1"/>
    <property name="sun.io.unicode.encoding" value="UnicodeLittle"/>
    <property name="java.class.version" value="61.0"/>
  </properties>
  <testcase name="realizaChamadaApi_ocorreErroHttp404_entaoLanca_thenThrowServicoIndisponivelException" classname="br.com.bank.capd.bff.rapid.payment.adapter.output.RestTemplateResponseErrorHandlerTest" time="2.367">
    <system-out><![CDATA[22:43:14.896 [main] INFO org.springframework.test.context.support.AnnotationConfigContextLoaderUtils -- Could not detect default configuration classes for test class [br.com.bank.capd.bff.rapid.payment.adapter.output.RestTemplateResponseErrorHandlerTest]: RestTemplateResponseErrorHandlerTest does not declare any static, non-private, non-final, nested classes annotated with @Configuration.
22:43:15.619 [main] INFO org.springframework.boot.test.context.SpringBootTestContextBootstrapper -- Found @SpringBootConfiguration br.com.bank.capd.bff.rapid.payment.Application for test class br.com.bank.capd.bff.rapid.payment.adapter.output.RestTemplateResponseErrorHandlerTest
  _____         _      ____                    _
 |_   _|__  ___| |_   |  _ \ _   _ _ __  _ __ (_)_ __   __ _
   | |/ _ \/ __| __|  | |_) | | | | '_ \| '_ \| | '_ \ / _` |
   | |  __/\__ \ |_   |  _ <| |_| | | | | | | | | | | | (_| |_ _ _
   |_|\___||___/\__|  |_| \_\\__,_|_| |_|_| |_|_|_| |_|\__, (_|_|_)
                                                       |___/
Testing the application, booting the spring...
Powered by Spring Boot 3.3.9

2025-06-08T22:43:17.559Z  INFO 3159 --- [           main] [                                                 ] a.o.RestTemplateResponseErrorHandlerTest : Starting RestTemplateResponseErrorHandlerTest using Java 17.0.15 with PID 3159 (started by ruben in /home/ruben/projetos/bank-bff-boleto-rapido)
2025-06-08T22:43:17.569Z  INFO 3159 --- [           main] [                                                 ] a.o.RestTemplateResponseErrorHandlerTest : No active profile set, falling back to 1 default profile: "default"
2025-06-08T22:43:19.453Z  INFO 3159 --- [           main] [                                                 ] a.o.RestTemplateResponseErrorHandlerTest : Started RestTemplateResponseErrorHandlerTest in 3.515 seconds (process running for 7.647)
2025-06-08T22:43:19.483Z  INFO 3159 --- [           main] [                                                 ] b.c.b.c.bff.rapid.payment.Application    : ACTIVE PROFILES: [DEFAULT]
]]></system-out>
  </testcase>
</testsuite>