<?xml version="1.0" encoding="UTF-8"?>
<testsuite xmlns:xsi="http://www.w3.org/2001/XMLSchema-instance" xsi:noNamespaceSchemaLocation="https://maven.apache.org/surefire/maven-surefire-plugin/xsd/surefire-test-report-3.0.xsd" version="3.0" name="br.com.bank.capd.bff.rapid.payment.config.HealthCheckEndpointConfigTest" time="0.648" tests="1" errors="0" skipped="0" failures="0">
  <properties>
    <property name="java.specification.version" value="17"/>
    <property name="sun.cpu.isalist" value="amd64"/>
    <property name="sun.jnu.encoding" value="Cp1252"/>
    <property name="java.class.path" value="C:\Users\Administrador\projetos\00c-rubens-leme\bank-bff-boleto-rapido\target\test-classes;C:\Users\Administrador\projetos\00c-rubens-leme\bank-bff-boleto-rapido\target\classes;C:\Users\Administrador\.m2\repository\org\springframework\boot\spring-boot-starter-actuator\3.3.9\spring-boot-starter-actuator-3.3.9.jar;C:\Users\Administrador\.m2\repository\org\springframework\boot\spring-boot-starter\3.3.9\spring-boot-starter-3.3.9.jar;C:\Users\Administrador\.m2\repository\org\springframework\boot\spring-boot\3.3.9\spring-boot-3.3.9.jar;C:\Users\Administrador\.m2\repository\org\springframework\boot\spring-boot-autoconfigure\3.3.9\spring-boot-autoconfigure-3.3.9.jar;C:\Users\Administrador\.m2\repository\org\springframework\boot\spring-boot-starter-logging\3.3.9\spring-boot-starter-logging-3.3.9.jar;C:\Users\Administrador\.m2\repository\ch\qos\logback\logback-classic\1.5.16\logback-classic-1.5.16.jar;C:\Users\Administrador\.m2\repository\ch\qos\logback\logback-core\1.5.16\logback-core-1.5.16.jar;C:\Users\Administrador\.m2\repository\org\apache\logging\log4j\log4j-to-slf4j\2.23.1\log4j-to-slf4j-2.23.1.jar;C:\Users\Administrador\.m2\repository\org\apache\logging\log4j\log4j-api\2.23.1\log4j-api-2.23.1.jar;C:\Users\Administrador\.m2\repository\org\slf4j\jul-to-slf4j\2.0.16\jul-to-slf4j-2.0.16.jar;C:\Users\Administrador\.m2\repository\jakarta\annotation\jakarta.annotation-api\2.1.1\jakarta.annotation-api-2.1.1.jar;C:\Users\Administrador\.m2\repository\org\yaml\snakeyaml\2.2\snakeyaml-2.2.jar;C:\Users\Administrador\.m2\repository\org\springframework\boot\spring-boot-actuator-autoconfigure\3.3.9\spring-boot-actuator-autoconfigure-3.3.9.jar;C:\Users\Administrador\.m2\repository\org\springframework\boot\spring-boot-actuator\3.3.9\spring-boot-actuator-3.3.9.jar;C:\Users\Administrador\.m2\repository\com\fasterxml\jackson\core\jackson-databind\2.17.3\jackson-databind-2.17.3.jar;C:\Users\Administrador\.m2\repository\com\fasterxml\jackson\core\jackson-annotations\2.17.3\jackson-annotations-2.17.3.jar;C:\Users\Administrador\.m2\repository\com\fasterxml\jackson\core\jackson-core\2.17.3\jackson-core-2.17.3.jar;C:\Users\Administrador\.m2\repository\com\fasterxml\jackson\datatype\jackson-datatype-jsr310\2.17.3\jackson-datatype-jsr310-2.17.3.jar;C:\Users\Administrador\.m2\repository\io\micrometer\micrometer-observation\1.13.11\micrometer-observation-1.13.11.jar;C:\Users\Administrador\.m2\repository\io\micrometer\micrometer-commons\1.13.11\micrometer-commons-1.13.11.jar;C:\Users\Administrador\.m2\repository\io\micrometer\micrometer-jakarta9\1.13.11\micrometer-jakarta9-1.13.11.jar;C:\Users\Administrador\.m2\repository\io\micrometer\micrometer-core\1.13.11\micrometer-core-1.13.11.jar;C:\Users\Administrador\.m2\repository\org\hdrhistogram\HdrHistogram\2.2.2\HdrHistogram-2.2.2.jar;C:\Users\Administrador\.m2\repository\org\latencyutils\LatencyUtils\2.0.3\LatencyUtils-2.0.3.jar;C:\Users\Administrador\.m2\repository\org\projectlombok\lombok\1.18.30\lombok-1.18.30.jar;C:\Users\Administrador\.m2\repository\org\openapitools\jackson-databind-nullable\0.2.6\jackson-databind-nullable-0.2.6.jar;C:\Users\Administrador\.m2\repository\io\swagger\core\v3\swagger-annotations\2.2.16\swagger-annotations-2.2.16.jar;C:\Users\Administrador\.m2\repository\org\springframework\boot\spring-boot-starter-web\3.3.9\spring-boot-starter-web-3.3.9.jar;C:\Users\Administrador\.m2\repository\org\springframework\boot\spring-boot-starter-json\3.3.9\spring-boot-starter-json-3.3.9.jar;C:\Users\Administrador\.m2\repository\com\fasterxml\jackson\datatype\jackson-datatype-jdk8\2.17.3\jackson-datatype-jdk8-2.17.3.jar;C:\Users\Administrador\.m2\repository\com\fasterxml\jackson\module\jackson-module-parameter-names\2.17.3\jackson-module-parameter-names-2.17.3.jar;C:\Users\Administrador\.m2\repository\org\springframework\boot\spring-boot-starter-tomcat\3.3.9\spring-boot-starter-tomcat-3.3.9.jar;C:\Users\Administrador\.m2\repository\org\apache\tomcat\embed\tomcat-embed-core\10.1.36\tomcat-embed-core-10.1.36.jar;C:\Users\Administrador\.m2\repository\org\apache\tomcat\embed\tomcat-embed-websocket\10.1.36\tomcat-embed-websocket-10.1.36.jar;C:\Users\Administrador\.m2\repository\org\springframework\spring-web\6.1.17\spring-web-6.1.17.jar;C:\Users\Administrador\.m2\repository\org\springframework\spring-beans\6.1.17\spring-beans-6.1.17.jar;C:\Users\Administrador\.m2\repository\org\springframework\spring-webmvc\6.1.17\spring-webmvc-6.1.17.jar;C:\Users\Administrador\.m2\repository\org\springframework\spring-aop\6.1.17\spring-aop-6.1.17.jar;C:\Users\Administrador\.m2\repository\org\springframework\spring-context\6.1.17\spring-context-6.1.17.jar;C:\Users\Administrador\.m2\repository\org\springframework\spring-expression\6.1.17\spring-expression-6.1.17.jar;C:\Users\Administrador\.m2\repository\org\mapstruct\mapstruct\1.5.3.Final\mapstruct-1.5.3.Final.jar;C:\Users\Administrador\.m2\repository\org\springframework\boot\spring-boot-starter-validation\3.3.9\spring-boot-starter-validation-3.3.9.jar;C:\Users\Administrador\.m2\repository\org\apache\tomcat\embed\tomcat-embed-el\10.1.36\tomcat-embed-el-10.1.36.jar;C:\Users\Administrador\.m2\repository\org\hibernate\validator\hibernate-validator\8.0.2.Final\hibernate-validator-8.0.2.Final.jar;C:\Users\Administrador\.m2\repository\jakarta\validation\jakarta.validation-api\3.0.2\jakarta.validation-api-3.0.2.jar;C:\Users\Administrador\.m2\repository\org\jboss\logging\jboss-logging\3.5.3.Final\jboss-logging-3.5.3.Final.jar;C:\Users\Administrador\.m2\repository\com\fasterxml\classmate\1.7.0\classmate-1.7.0.jar;C:\Users\Administrador\.m2\repository\io\micrometer\micrometer-tracing-bridge-otel\1.3.9\micrometer-tracing-bridge-otel-1.3.9.jar;C:\Users\Administrador\.m2\repository\io\micrometer\micrometer-tracing\1.3.9\micrometer-tracing-1.3.9.jar;C:\Users\Administrador\.m2\repository\io\micrometer\context-propagation\1.1.2\context-propagation-1.1.2.jar;C:\Users\Administrador\.m2\repository\aopalliance\aopalliance\1.0\aopalliance-1.0.jar;C:\Users\Administrador\.m2\repository\org\slf4j\slf4j-api\2.0.16\slf4j-api-2.0.16.jar;C:\Users\Administrador\.m2\repository\io\opentelemetry\opentelemetry-api\1.38.0\opentelemetry-api-1.38.0.jar;C:\Users\Administrador\.m2\repository\io\opentelemetry\opentelemetry-context\1.38.0\opentelemetry-context-1.38.0.jar;C:\Users\Administrador\.m2\repository\io\opentelemetry\semconv\opentelemetry-semconv\1.23.1-alpha\opentelemetry-semconv-1.23.1-alpha.jar;C:\Users\Administrador\.m2\repository\io\opentelemetry\opentelemetry-sdk-common\1.38.0\opentelemetry-sdk-common-1.38.0.jar;C:\Users\Administrador\.m2\repository\io\opentelemetry\opentelemetry-sdk-trace\1.38.0\opentelemetry-sdk-trace-1.38.0.jar;C:\Users\Administrador\.m2\repository\io\opentelemetry\opentelemetry-sdk\1.38.0\opentelemetry-sdk-1.38.0.jar;C:\Users\Administrador\.m2\repository\io\opentelemetry\opentelemetry-sdk-metrics\1.38.0\opentelemetry-sdk-metrics-1.38.0.jar;C:\Users\Administrador\.m2\repository\io\opentelemetry\opentelemetry-sdk-logs\1.38.0\opentelemetry-sdk-logs-1.38.0.jar;C:\Users\Administrador\.m2\repository\io\opentelemetry\instrumentation\opentelemetry-instrumentation-api-semconv\1.33.3-alpha\opentelemetry-instrumentation-api-semconv-1.33.3-alpha.jar;C:\Users\Administrador\.m2\repository\io\opentelemetry\instrumentation\opentelemetry-instrumentation-api\1.33.3\opentelemetry-instrumentation-api-1.33.3.jar;C:\Users\Administrador\.m2\repository\io\opentelemetry\opentelemetry-api-incubator\1.38.0-alpha\opentelemetry-api-incubator-1.38.0-alpha.jar;C:\Users\Administrador\.m2\repository\io\opentelemetry\opentelemetry-extension-trace-propagators\1.38.0\opentelemetry-extension-trace-propagators-1.38.0.jar;C:\Users\Administrador\.m2\repository\org\springframework\boot\spring-boot-starter-test\3.3.9\spring-boot-starter-test-3.3.9.jar;C:\Users\Administrador\.m2\repository\org\springframework\boot\spring-boot-test\3.3.9\spring-boot-test-3.3.9.jar;C:\Users\Administrador\.m2\repository\org\springframework\boot\spring-boot-test-autoconfigure\3.3.9\spring-boot-test-autoconfigure-3.3.9.jar;C:\Users\Administrador\.m2\repository\com\jayway\jsonpath\json-path\2.9.0\json-path-2.9.0.jar;C:\Users\Administrador\.m2\repository\jakarta\xml\bind\jakarta.xml.bind-api\4.0.2\jakarta.xml.bind-api-4.0.2.jar;C:\Users\Administrador\.m2\repository\jakarta\activation\jakarta.activation-api\2.1.3\jakarta.activation-api-2.1.3.jar;C:\Users\Administrador\.m2\repository\net\minidev\json-smart\2.5.2\json-smart-2.5.2.jar;C:\Users\Administrador\.m2\repository\net\minidev\accessors-smart\2.5.2\accessors-smart-2.5.2.jar;C:\Users\Administrador\.m2\repository\org\ow2\asm\asm\9.7.1\asm-9.7.1.jar;C:\Users\Administrador\.m2\repository\org\assertj\assertj-core\3.25.3\assertj-core-3.25.3.jar;C:\Users\Administrador\.m2\repository\net\bytebuddy\byte-buddy\1.14.19\byte-buddy-1.14.19.jar;C:\Users\Administrador\.m2\repository\org\awaitility\awaitility\4.2.2\awaitility-4.2.2.jar;C:\Users\Administrador\.m2\repository\org\hamcrest\hamcrest\2.2\hamcrest-2.2.jar;C:\Users\Administrador\.m2\repository\org\junit\jupiter\junit-jupiter\5.10.5\junit-jupiter-5.10.5.jar;C:\Users\Administrador\.m2\repository\org\junit\jupiter\junit-jupiter-api\5.10.5\junit-jupiter-api-5.10.5.jar;C:\Users\Administrador\.m2\repository\org\opentest4j\opentest4j\1.3.0\opentest4j-1.3.0.jar;C:\Users\Administrador\.m2\repository\org\junit\platform\junit-platform-commons\1.10.5\junit-platform-commons-1.10.5.jar;C:\Users\Administrador\.m2\repository\org\apiguardian\apiguardian-api\1.1.2\apiguardian-api-1.1.2.jar;C:\Users\Administrador\.m2\repository\org\junit\jupiter\junit-jupiter-params\5.10.5\junit-jupiter-params-5.10.5.jar;C:\Users\Administrador\.m2\repository\org\junit\jupiter\junit-jupiter-engine\5.10.5\junit-jupiter-engine-5.10.5.jar;C:\Users\Administrador\.m2\repository\org\junit\platform\junit-platform-engine\1.10.5\junit-platform-engine-1.10.5.jar;C:\Users\Administrador\.m2\repository\org\mockito\mockito-core\5.11.0\mockito-core-5.11.0.jar;C:\Users\Administrador\.m2\repository\net\bytebuddy\byte-buddy-agent\1.14.19\byte-buddy-agent-1.14.19.jar;C:\Users\Administrador\.m2\repository\org\objenesis\objenesis\3.3\objenesis-3.3.jar;C:\Users\Administrador\.m2\repository\org\mockito\mockito-junit-jupiter\5.11.0\mockito-junit-jupiter-5.11.0.jar;C:\Users\Administrador\.m2\repository\org\skyscreamer\jsonassert\1.5.3\jsonassert-1.5.3.jar;C:\Users\Administrador\.m2\repository\org\springframework\spring-core\6.1.17\spring-core-6.1.17.jar;C:\Users\Administrador\.m2\repository\org\springframework\spring-jcl\6.1.17\spring-jcl-6.1.17.jar;C:\Users\Administrador\.m2\repository\org\springframework\spring-test\6.1.17\spring-test-6.1.17.jar;C:\Users\Administrador\.m2\repository\org\xmlunit\xmlunit-core\2.9.1\xmlunit-core-2.9.1.jar;C:\Users\Administrador\.m2\repository\org\springframework\restdocs\spring-restdocs-mockmvc\3.0.3\spring-restdocs-mockmvc-3.0.3.jar;C:\Users\Administrador\.m2\repository\org\springframework\restdocs\spring-restdocs-core\3.0.3\spring-restdocs-core-3.0.3.jar;C:\Users\Administrador\.m2\repository\jakarta\servlet\jakarta.servlet-api\6.0.0\jakarta.servlet-api-6.0.0.jar;C:\Users\Administrador\.m2\repository\org\springdoc\springdoc-openapi-starter-webmvc-ui\2.3.0\springdoc-openapi-starter-webmvc-ui-2.3.0.jar;C:\Users\Administrador\.m2\repository\org\springdoc\springdoc-openapi-starter-webmvc-api\2.3.0\springdoc-openapi-starter-webmvc-api-2.3.0.jar;C:\Users\Administrador\.m2\repository\org\springdoc\springdoc-openapi-starter-common\2.3.0\springdoc-openapi-starter-common-2.3.0.jar;C:\Users\Administrador\.m2\repository\io\swagger\core\v3\swagger-core-jakarta\2.2.19\swagger-core-jakarta-2.2.19.jar;C:\Users\Administrador\.m2\repository\org\apache\commons\commons-lang3\3.14.0\commons-lang3-3.14.0.jar;C:\Users\Administrador\.m2\repository\io\swagger\core\v3\swagger-annotations-jakarta\2.2.19\swagger-annotations-jakarta-2.2.19.jar;C:\Users\Administrador\.m2\repository\io\swagger\core\v3\swagger-models-jakarta\2.2.19\swagger-models-jakarta-2.2.19.jar;C:\Users\Administrador\.m2\repository\com\fasterxml\jackson\dataformat\jackson-dataformat-yaml\2.17.3\jackson-dataformat-yaml-2.17.3.jar;C:\Users\Administrador\.m2\repository\org\webjars\swagger-ui\5.10.3\swagger-ui-5.10.3.jar;"/>
    <property name="java.vm.vendor" value="Microsoft"/>
    <property name="sun.arch.data.model" value="64"/>
    <property name="user.variant" value=""/>
    <property name="java.vendor.url" value="https://www.microsoft.com"/>
    <property name="user.timezone" value="America/Sao_Paulo"/>
    <property name="org.jboss.logging.provider" value="slf4j"/>
    <property name="os.name" value="Windows 11"/>
    <property name="java.vm.specification.version" value="17"/>
    <property name="sun.java.launcher" value="SUN_STANDARD"/>
    <property name="user.country" value="BR"/>
    <property name="sun.boot.library.path" value="C:\Program Files\Microsoft\jdk-17.0.15.6-hotspot\bin"/>
    <property name="sun.java.command" value="C:\Users\Administrador\AppData\Local\Temp\surefire1963263517990029923\surefirebooter-20250525094132632_3.jar C:\Users\Administrador\AppData\Local\Temp\surefire1963263517990029923 2025-05-25T09-41-32_105-jvmRun1 surefire-20250525094132632_1tmp surefire_0-20250525094132632_2tmp"/>
    <property name="jdk.debug" value="release"/>
    <property name="surefire.test.class.path" value="C:\Users\Administrador\projetos\00c-rubens-leme\bank-bff-boleto-rapido\target\test-classes;C:\Users\Administrador\projetos\00c-rubens-leme\bank-bff-boleto-rapido\target\classes;C:\Users\Administrador\.m2\repository\org\springframework\boot\spring-boot-starter-actuator\3.3.9\spring-boot-starter-actuator-3.3.9.jar;C:\Users\Administrador\.m2\repository\org\springframework\boot\spring-boot-starter\3.3.9\spring-boot-starter-3.3.9.jar;C:\Users\Administrador\.m2\repository\org\springframework\boot\spring-boot\3.3.9\spring-boot-3.3.9.jar;C:\Users\Administrador\.m2\repository\org\springframework\boot\spring-boot-autoconfigure\3.3.9\spring-boot-autoconfigure-3.3.9.jar;C:\Users\Administrador\.m2\repository\org\springframework\boot\spring-boot-starter-logging\3.3.9\spring-boot-starter-logging-3.3.9.jar;C:\Users\Administrador\.m2\repository\ch\qos\logback\logback-classic\1.5.16\logback-classic-1.5.16.jar;C:\Users\Administrador\.m2\repository\ch\qos\logback\logback-core\1.5.16\logback-core-1.5.16.jar;C:\Users\Administrador\.m2\repository\org\apache\logging\log4j\log4j-to-slf4j\2.23.1\log4j-to-slf4j-2.23.1.jar;C:\Users\Administrador\.m2\repository\org\apache\logging\log4j\log4j-api\2.23.1\log4j-api-2.23.1.jar;C:\Users\Administrador\.m2\repository\org\slf4j\jul-to-slf4j\2.0.16\jul-to-slf4j-2.0.16.jar;C:\Users\Administrador\.m2\repository\jakarta\annotation\jakarta.annotation-api\2.1.1\jakarta.annotation-api-2.1.1.jar;C:\Users\Administrador\.m2\repository\org\yaml\snakeyaml\2.2\snakeyaml-2.2.jar;C:\Users\Administrador\.m2\repository\org\springframework\boot\spring-boot-actuator-autoconfigure\3.3.9\spring-boot-actuator-autoconfigure-3.3.9.jar;C:\Users\Administrador\.m2\repository\org\springframework\boot\spring-boot-actuator\3.3.9\spring-boot-actuator-3.3.9.jar;C:\Users\Administrador\.m2\repository\com\fasterxml\jackson\core\jackson-databind\2.17.3\jackson-databind-2.17.3.jar;C:\Users\Administrador\.m2\repository\com\fasterxml\jackson\core\jackson-annotations\2.17.3\jackson-annotations-2.17.3.jar;C:\Users\Administrador\.m2\repository\com\fasterxml\jackson\core\jackson-core\2.17.3\jackson-core-2.17.3.jar;C:\Users\Administrador\.m2\repository\com\fasterxml\jackson\datatype\jackson-datatype-jsr310\2.17.3\jackson-datatype-jsr310-2.17.3.jar;C:\Users\Administrador\.m2\repository\io\micrometer\micrometer-observation\1.13.11\micrometer-observation-1.13.11.jar;C:\Users\Administrador\.m2\repository\io\micrometer\micrometer-commons\1.13.11\micrometer-commons-1.13.11.jar;C:\Users\Administrador\.m2\repository\io\micrometer\micrometer-jakarta9\1.13.11\micrometer-jakarta9-1.13.11.jar;C:\Users\Administrador\.m2\repository\io\micrometer\micrometer-core\1.13.11\micrometer-core-1.13.11.jar;C:\Users\Administrador\.m2\repository\org\hdrhistogram\HdrHistogram\2.2.2\HdrHistogram-2.2.2.jar;C:\Users\Administrador\.m2\repository\org\latencyutils\LatencyUtils\2.0.3\LatencyUtils-2.0.3.jar;C:\Users\Administrador\.m2\repository\org\projectlombok\lombok\1.18.30\lombok-1.18.30.jar;C:\Users\Administrador\.m2\repository\org\openapitools\jackson-databind-nullable\0.2.6\jackson-databind-nullable-0.2.6.jar;C:\Users\Administrador\.m2\repository\io\swagger\core\v3\swagger-annotations\2.2.16\swagger-annotations-2.2.16.jar;C:\Users\Administrador\.m2\repository\org\springframework\boot\spring-boot-starter-web\3.3.9\spring-boot-starter-web-3.3.9.jar;C:\Users\Administrador\.m2\repository\org\springframework\boot\spring-boot-starter-json\3.3.9\spring-boot-starter-json-3.3.9.jar;C:\Users\Administrador\.m2\repository\com\fasterxml\jackson\datatype\jackson-datatype-jdk8\2.17.3\jackson-datatype-jdk8-2.17.3.jar;C:\Users\Administrador\.m2\repository\com\fasterxml\jackson\module\jackson-module-parameter-names\2.17.3\jackson-module-parameter-names-2.17.3.jar;C:\Users\Administrador\.m2\repository\org\springframework\boot\spring-boot-starter-tomcat\3.3.9\spring-boot-starter-tomcat-3.3.9.jar;C:\Users\Administrador\.m2\repository\org\apache\tomcat\embed\tomcat-embed-core\10.1.36\tomcat-embed-core-10.1.36.jar;C:\Users\Administrador\.m2\repository\org\apache\tomcat\embed\tomcat-embed-websocket\10.1.36\tomcat-embed-websocket-10.1.36.jar;C:\Users\Administrador\.m2\repository\org\springframework\spring-web\6.1.17\spring-web-6.1.17.jar;C:\Users\Administrador\.m2\repository\org\springframework\spring-beans\6.1.17\spring-beans-6.1.17.jar;C:\Users\Administrador\.m2\repository\org\springframework\spring-webmvc\6.1.17\spring-webmvc-6.1.17.jar;C:\Users\Administrador\.m2\repository\org\springframework\spring-aop\6.1.17\spring-aop-6.1.17.jar;C:\Users\Administrador\.m2\repository\org\springframework\spring-context\6.1.17\spring-context-6.1.17.jar;C:\Users\Administrador\.m2\repository\org\springframework\spring-expression\6.1.17\spring-expression-6.1.17.jar;C:\Users\Administrador\.m2\repository\org\mapstruct\mapstruct\1.5.3.Final\mapstruct-1.5.3.Final.jar;C:\Users\Administrador\.m2\repository\org\springframework\boot\spring-boot-starter-validation\3.3.9\spring-boot-starter-validation-3.3.9.jar;C:\Users\Administrador\.m2\repository\org\apache\tomcat\embed\tomcat-embed-el\10.1.36\tomcat-embed-el-10.1.36.jar;C:\Users\Administrador\.m2\repository\org\hibernate\validator\hibernate-validator\8.0.2.Final\hibernate-validator-8.0.2.Final.jar;C:\Users\Administrador\.m2\repository\jakarta\validation\jakarta.validation-api\3.0.2\jakarta.validation-api-3.0.2.jar;C:\Users\Administrador\.m2\repository\org\jboss\logging\jboss-logging\3.5.3.Final\jboss-logging-3.5.3.Final.jar;C:\Users\Administrador\.m2\repository\com\fasterxml\classmate\1.7.0\classmate-1.7.0.jar;C:\Users\Administrador\.m2\repository\io\micrometer\micrometer-tracing-bridge-otel\1.3.9\micrometer-tracing-bridge-otel-1.3.9.jar;C:\Users\Administrador\.m2\repository\io\micrometer\micrometer-tracing\1.3.9\micrometer-tracing-1.3.9.jar;C:\Users\Administrador\.m2\repository\io\micrometer\context-propagation\1.1.2\context-propagation-1.1.2.jar;C:\Users\Administrador\.m2\repository\aopalliance\aopalliance\1.0\aopalliance-1.0.jar;C:\Users\Administrador\.m2\repository\org\slf4j\slf4j-api\2.0.16\slf4j-api-2.0.16.jar;C:\Users\Administrador\.m2\repository\io\opentelemetry\opentelemetry-api\1.38.0\opentelemetry-api-1.38.0.jar;C:\Users\Administrador\.m2\repository\io\opentelemetry\opentelemetry-context\1.38.0\opentelemetry-context-1.38.0.jar;C:\Users\Administrador\.m2\repository\io\opentelemetry\semconv\opentelemetry-semconv\1.23.1-alpha\opentelemetry-semconv-1.23.1-alpha.jar;C:\Users\Administrador\.m2\repository\io\opentelemetry\opentelemetry-sdk-common\1.38.0\opentelemetry-sdk-common-1.38.0.jar;C:\Users\Administrador\.m2\repository\io\opentelemetry\opentelemetry-sdk-trace\1.38.0\opentelemetry-sdk-trace-1.38.0.jar;C:\Users\Administrador\.m2\repository\io\opentelemetry\opentelemetry-sdk\1.38.0\opentelemetry-sdk-1.38.0.jar;C:\Users\Administrador\.m2\repository\io\opentelemetry\opentelemetry-sdk-metrics\1.38.0\opentelemetry-sdk-metrics-1.38.0.jar;C:\Users\Administrador\.m2\repository\io\opentelemetry\opentelemetry-sdk-logs\1.38.0\opentelemetry-sdk-logs-1.38.0.jar;C:\Users\Administrador\.m2\repository\io\opentelemetry\instrumentation\opentelemetry-instrumentation-api-semconv\1.33.3-alpha\opentelemetry-instrumentation-api-semconv-1.33.3-alpha.jar;C:\Users\Administrador\.m2\repository\io\opentelemetry\instrumentation\opentelemetry-instrumentation-api\1.33.3\opentelemetry-instrumentation-api-1.33.3.jar;C:\Users\Administrador\.m2\repository\io\opentelemetry\opentelemetry-api-incubator\1.38.0-alpha\opentelemetry-api-incubator-1.38.0-alpha.jar;C:\Users\Administrador\.m2\repository\io\opentelemetry\opentelemetry-extension-trace-propagators\1.38.0\opentelemetry-extension-trace-propagators-1.38.0.jar;C:\Users\Administrador\.m2\repository\org\springframework\boot\spring-boot-starter-test\3.3.9\spring-boot-starter-test-3.3.9.jar;C:\Users\Administrador\.m2\repository\org\springframework\boot\spring-boot-test\3.3.9\spring-boot-test-3.3.9.jar;C:\Users\Administrador\.m2\repository\org\springframework\boot\spring-boot-test-autoconfigure\3.3.9\spring-boot-test-autoconfigure-3.3.9.jar;C:\Users\Administrador\.m2\repository\com\jayway\jsonpath\json-path\2.9.0\json-path-2.9.0.jar;C:\Users\Administrador\.m2\repository\jakarta\xml\bind\jakarta.xml.bind-api\4.0.2\jakarta.xml.bind-api-4.0.2.jar;C:\Users\Administrador\.m2\repository\jakarta\activation\jakarta.activation-api\2.1.3\jakarta.activation-api-2.1.3.jar;C:\Users\Administrador\.m2\repository\net\minidev\json-smart\2.5.2\json-smart-2.5.2.jar;C:\Users\Administrador\.m2\repository\net\minidev\accessors-smart\2.5.2\accessors-smart-2.5.2.jar;C:\Users\Administrador\.m2\repository\org\ow2\asm\asm\9.7.1\asm-9.7.1.jar;C:\Users\Administrador\.m2\repository\org\assertj\assertj-core\3.25.3\assertj-core-3.25.3.jar;C:\Users\Administrador\.m2\repository\net\bytebuddy\byte-buddy\1.14.19\byte-buddy-1.14.19.jar;C:\Users\Administrador\.m2\repository\org\awaitility\awaitility\4.2.2\awaitility-4.2.2.jar;C:\Users\Administrador\.m2\repository\org\hamcrest\hamcrest\2.2\hamcrest-2.2.jar;C:\Users\Administrador\.m2\repository\org\junit\jupiter\junit-jupiter\5.10.5\junit-jupiter-5.10.5.jar;C:\Users\Administrador\.m2\repository\org\junit\jupiter\junit-jupiter-api\5.10.5\junit-jupiter-api-5.10.5.jar;C:\Users\Administrador\.m2\repository\org\opentest4j\opentest4j\1.3.0\opentest4j-1.3.0.jar;C:\Users\Administrador\.m2\repository\org\junit\platform\junit-platform-commons\1.10.5\junit-platform-commons-1.10.5.jar;C:\Users\Administrador\.m2\repository\org\apiguardian\apiguardian-api\1.1.2\apiguardian-api-1.1.2.jar;C:\Users\Administrador\.m2\repository\org\junit\jupiter\junit-jupiter-params\5.10.5\junit-jupiter-params-5.10.5.jar;C:\Users\Administrador\.m2\repository\org\junit\jupiter\junit-jupiter-engine\5.10.5\junit-jupiter-engine-5.10.5.jar;C:\Users\Administrador\.m2\repository\org\junit\platform\junit-platform-engine\1.10.5\junit-platform-engine-1.10.5.jar;C:\Users\Administrador\.m2\repository\org\mockito\mockito-core\5.11.0\mockito-core-5.11.0.jar;C:\Users\Administrador\.m2\repository\net\bytebuddy\byte-buddy-agent\1.14.19\byte-buddy-agent-1.14.19.jar;C:\Users\Administrador\.m2\repository\org\objenesis\objenesis\3.3\objenesis-3.3.jar;C:\Users\Administrador\.m2\repository\org\mockito\mockito-junit-jupiter\5.11.0\mockito-junit-jupiter-5.11.0.jar;C:\Users\Administrador\.m2\repository\org\skyscreamer\jsonassert\1.5.3\jsonassert-1.5.3.jar;C:\Users\Administrador\.m2\repository\org\springframework\spring-core\6.1.17\spring-core-6.1.17.jar;C:\Users\Administrador\.m2\repository\org\springframework\spring-jcl\6.1.17\spring-jcl-6.1.17.jar;C:\Users\Administrador\.m2\repository\org\springframework\spring-test\6.1.17\spring-test-6.1.17.jar;C:\Users\Administrador\.m2\repository\org\xmlunit\xmlunit-core\2.9.1\xmlunit-core-2.9.1.jar;C:\Users\Administrador\.m2\repository\org\springframework\restdocs\spring-restdocs-mockmvc\3.0.3\spring-restdocs-mockmvc-3.0.3.jar;C:\Users\Administrador\.m2\repository\org\springframework\restdocs\spring-restdocs-core\3.0.3\spring-restdocs-core-3.0.3.jar;C:\Users\Administrador\.m2\repository\jakarta\servlet\jakarta.servlet-api\6.0.0\jakarta.servlet-api-6.0.0.jar;C:\Users\Administrador\.m2\repository\org\springdoc\springdoc-openapi-starter-webmvc-ui\2.3.0\springdoc-openapi-starter-webmvc-ui-2.3.0.jar;C:\Users\Administrador\.m2\repository\org\springdoc\springdoc-openapi-starter-webmvc-api\2.3.0\springdoc-openapi-starter-webmvc-api-2.3.0.jar;C:\Users\Administrador\.m2\repository\org\springdoc\springdoc-openapi-starter-common\2.3.0\springdoc-openapi-starter-common-2.3.0.jar;C:\Users\Administrador\.m2\repository\io\swagger\core\v3\swagger-core-jakarta\2.2.19\swagger-core-jakarta-2.2.19.jar;C:\Users\Administrador\.m2\repository\org\apache\commons\commons-lang3\3.14.0\commons-lang3-3.14.0.jar;C:\Users\Administrador\.m2\repository\io\swagger\core\v3\swagger-annotations-jakarta\2.2.19\swagger-annotations-jakarta-2.2.19.jar;C:\Users\Administrador\.m2\repository\io\swagger\core\v3\swagger-models-jakarta\2.2.19\swagger-models-jakarta-2.2.19.jar;C:\Users\Administrador\.m2\repository\com\fasterxml\jackson\dataformat\jackson-dataformat-yaml\2.17.3\jackson-dataformat-yaml-2.17.3.jar;C:\Users\Administrador\.m2\repository\org\webjars\swagger-ui\5.10.3\swagger-ui-5.10.3.jar;"/>
    <property name="sun.cpu.endian" value="little"/>
    <property name="user.home" value="C:\Users\Administrador"/>
    <property name="user.language" value="pt"/>
    <property name="java.specification.vendor" value="Oracle Corporation"/>
    <property name="java.version.date" value="2025-04-15"/>
    <property name="java.home" value="C:\Program Files\Microsoft\jdk-17.0.15.6-hotspot"/>
    <property name="file.separator" value="\"/>
    <property name="basedir" value="C:\Users\Administrador\projetos\00c-rubens-leme\bank-bff-boleto-rapido"/>
    <property name="java.vm.compressedOopsMode" value="Zero based"/>
    <property name="line.separator" value="&#10;"/>
    <property name="java.vm.specification.vendor" value="Oracle Corporation"/>
    <property name="java.specification.name" value="Java Platform API Specification"/>
    <property name="FILE_LOG_CHARSET" value="windows-1252"/>
    <property name="java.awt.headless" value="true"/>
    <property name="surefire.real.class.path" value="C:\Users\Administrador\AppData\Local\Temp\surefire1963263517990029923\surefirebooter-20250525094132632_3.jar"/>
    <property name="user.script" value=""/>
    <property name="sun.management.compiler" value="HotSpot 64-Bit Tiered Compilers"/>
    <property name="java.runtime.version" value="17.0.15+6-LTS"/>
    <property name="LOG_CORRELATION_PATTERN" value="%correlationId"/>
    <property name="user.name" value="Administrador"/>
    <property name="path.separator" value=";"/>
    <property name="os.version" value="10.0"/>
    <property name="java.runtime.name" value="OpenJDK Runtime Environment"/>
    <property name="file.encoding" value="Cp1252"/>
    <property name="java.vm.name" value="OpenJDK 64-Bit Server VM"/>
    <property name="java.vendor.version" value="Microsoft-11369865"/>
    <property name="localRepository" value="C:\Users\Administrador\.m2\repository"/>
    <property name="java.vendor.url.bug" value="https://github.com/microsoft/openjdk/issues"/>
    <property name="java.io.tmpdir" value="C:\Users\ADMINI~1\AppData\Local\Temp\"/>
    <property name="java.version" value="17.0.15"/>
    <property name="user.dir" value="C:\Users\Administrador\projetos\00c-rubens-leme\bank-bff-boleto-rapido"/>
    <property name="os.arch" value="amd64"/>
    <property name="java.vm.specification.name" value="Java Virtual Machine Specification"/>
    <property name="PID" value="6196"/>
    <property name="sun.os.patch.level" value=""/>
    <property name="CONSOLE_LOG_CHARSET" value="windows-1252"/>
    <property name="native.encoding" value="Cp1252"/>
    <property name="java.library.path" value="C:\Program Files\Microsoft\jdk-17.0.15.6-hotspot\bin;C:\Windows\Sun\Java\bin;C:\Windows\system32;C:\Windows;C:\Program Files\Microsoft\jdk-17.0.15.6-hotspot\bin;C:\Windows\system32;C:\Windows;C:\Windows\System32\Wbem;C:\Windows\System32\WindowsPowerShell\v1.0\;C:\Windows\System32\OpenSSH\;C:\ProgramData\chocolatey\bin;C:\Program Files\Microsoft VS Code\bin;C:\Program Files\Git\cmd;C:\ProgramData\chocolatey\lib\maven\apache-maven-3.9.9\bin;C:\Program Files\PowerShell\7\;C:\Users\Administrador\AppData\Local\Microsoft\WindowsApps;;C:\Program Files\JetBrains\IntelliJ IDEA 2025.1\bin;;."/>
    <property name="java.vm.info" value="mixed mode, sharing"/>
    <property name="java.vendor" value="Microsoft"/>
    <property name="java.vm.version" value="17.0.15+6-LTS"/>
    <property name="java.specification.maintenance.version" value="1"/>
    <property name="sun.io.unicode.encoding" value="UnicodeLittle"/>
    <property name="java.class.version" value="61.0"/>
  </properties>
  <testcase name="testSetEndpoints" classname="br.com.bank.capd.bff.rapid.payment.config.HealthCheckEndpointConfigTest" time="0.109">
    <system-out><![CDATA[  _____         _      ____                    _
 |_   _|__  ___| |_   |  _ \ _   _ _ __  _ __ (_)_ __   __ _
   | |/ _ \/ __| __|  | |_) | | | | '_ \| '_ \| | '_ \ / _` |
   | |  __/\__ \ |_   |  _ <| |_| | | | | | | | | | | | (_| |_ _ _
   |_|\___||___/\__|  |_| \_\\__,_|_| |_|_| |_|_|_| |_|\__, (_|_|_)
                                                       |___/
Testing the application, booting the spring...
Powered by Spring Boot 3.3.9

2025-05-25T09:41:57.345-03:00  INFO 6196 --- [           main] [                                                 ] .c.b.r.p.c.HealthCheckEndpointConfigTest : Starting HealthCheckEndpointConfigTest using Java 17.0.15 with PID 6196 (started by Administrador in C:\Users\Administrador\projetos\00c-rubens-leme\bank-bff-boleto-rapido)
2025-05-25T09:41:57.346-03:00  INFO 6196 --- [           main] [                                                 ] .c.b.r.p.c.HealthCheckEndpointConfigTest : No active profile set, falling back to 1 default profile: "default"
2025-05-25T09:41:57.378-03:00  INFO 6196 --- [           main] [                                                 ] .c.b.r.p.c.HealthCheckEndpointConfigTest : Started HealthCheckEndpointConfigTest in 0.12 seconds (process running for 24.335)
]]></system-out>
  </testcase>
</testsuite>